<?xml version="1.0" encoding="utf-8"?><testsuites name="pytest tests"><testsuite name="pytest" errors="0" failures="0" skipped="0" tests="19" time="2.650" timestamp="2026-04-09T18:16:11.168762+00:00" hostname="agent-env-cc352d32-da24-45bf-bd21-14294b68bbc2"><testcase classname="backend.tests.test_barber_api.TestAuth" name="test_admin_login" time="0.437" /><testcase classname="backend.tests.test_barber_api.TestAuth" name="test_customer_register_duplicate" time="0.409" /><testcase classname="backend.tests.test_barber_api.TestAuth" name="test_login_wrong_password" time="0.274" /><testcase classname="backend.tests.test_barber_api.TestAuth" name="test_me_endpoint" time="0.046" /><testcase classname="backend.tests.test_barber_api.TestSlots" name="test_available_slots_standard" time="0.054" /><testcase classname="backend.tests.test_barber_api.TestSlots" name="test_available_slots_monday" time="0.047" /><testcase classname="backend.tests.test_barber_api.TestSlots" name="test_available_slots_invalid_date" time="0.048" /><testcase classname="backend.tests.test_barber_api.TestBookings" name="test_create_booking" time="0.056" /><testcase classname="backend.tests.test_barber_api.TestBookings" name="test_create_booking_invalid_service" time="0.055" /><testcase classname="backend.tests.test_barber_api.TestBookings" name="test_get_my_bookings" time="0.050" /><testcase classname="backend.tests.test_barber_api.TestBookings" name="test_create_booking_unauthenticated" time="0.050" /><testcase classname="backend.tests.test_barber_api.TestPayments" name="test_create_order_mock" time="0.158" /><testcase classname="backend.tests.test_barber_api.TestRewards" name="test_get_rewards" time="0.052" /><testcase classname="backend.tests.test_barber_api.TestAdmin" name="test_admin_stats" time="0.365" /><testcase classname="backend.tests.test_barber_api.TestAdmin" name="test_admin_bookings" time="0.047" /><testcase classname="backend.tests.test_barber_api.TestAdmin" name="test_admin_users" time="0.054" /><testcase classname="backend.tests.test_barber_api.TestAdmin" name="test_admin_update_booking_status" time="0.159" /><testcase classname="backend.tests.test_barber_api.TestAdmin" name="test_admin_process_expired_wallets" time="0.058" /><testcase classname="backend.tests.test_barber_api.TestAdmin" name="test_non_admin_cannot_access_admin" time="0.063" /></testsuite></testsuites>